#
# There is insufficient memory for the Java Runtime Environment to continue.
# Native memory allocation (malloc) failed to allocate 4092 bytes for AllocateHeap
# Possible reasons:
#   The system is out of physical RAM or swap space
#   In 32 bit mode, the process size limit was hit
# Possible solutions:
#   Reduce memory load on the system
#   Increase physical memory or swap space
#   Check if swap backing store is full
#   Use 64 bit Java on a 64 bit OS
#   Decrease Java heap size (-Xmx/-Xms)
#   Decrease number of Java threads
#   Decrease Java thread stack sizes (-Xss)
#   Set larger code cache with -XX:ReservedCodeCacheSize=
# This output file may be truncated or incomplete.
#
#  Out of Memory Error (memory/allocation.inline.hpp:61), pid=20880, tid=2104
#
# JRE version: Java(TM) SE Runtime Environment (8.0_91-b15) (build 1.8.0_91-b15)
# Java VM: Java HotSpot(TM) Client VM (25.91-b15 mixed mode windows-x86 )
# Failed to write core dump. Minidumps are not enabled by default on client versions of Windows
#

---------------  T H R E A D  ---------------

Current thread (0x445e9000):  VMThread [stack: 0x00780000,0x007d0000] [id=2104]

Stack: [0x00780000,0x007d0000],  sp=0x007cf180,  free space=316k
Native frames: (J=compiled Java code, j=interpreted, Vv=VM code, C=native code)
V  [jvm.dll+0x1a885b]
V  [jvm.dll+0x1a1168]
V  [jvm.dll+0x93add]
V  [jvm.dll+0xb9d2f]
V  [jvm.dll+0x94d0a]
V  [jvm.dll+0xba65c]
V  [jvm.dll+0xa488f]
V  [jvm.dll+0x99c31]
V  [jvm.dll+0x97927]
V  [jvm.dll+0x93887]
V  [jvm.dll+0x98593]
V  [jvm.dll+0x924c5]
V  [jvm.dll+0x1b7246]
V  [jvm.dll+0x181a5b]
V  [jvm.dll+0x180e71]
V  [jvm.dll+0x181287]
V  [jvm.dll+0x181482]
V  [jvm.dll+0x1c0fd6]
C  [msvcr100.dll+0x10fac]
C  [msvcr100.dll+0x110b1]
C  [kernel32.dll+0x4ef1c]
C  [ntdll.dll+0x63648]
C  [ntdll.dll+0x6361b]

VM_Operation (0x44c5ee58): GenCollectForAllocation, mode: safepoint, requested by thread 0x4479f400


---------------  P R O C E S S  ---------------

Java Threads: ( => current thread )
  0x447a8400 JavaThread "pool-2-thread-4" [_thread_blocked, id=11880, stack(0x44980000,0x449d0000)]
  0x4479f400 JavaThread "pool-2-thread-3" [_thread_blocked, id=22320, stack(0x44c10000,0x44c60000)]
  0x4479dc00 JavaThread "pool-2-thread-2" [_thread_blocked, id=18544, stack(0x01d40000,0x01d90000)]
  0x4479b400 JavaThread "pool-3-thread-1" [_thread_blocked, id=16728, stack(0x44a00000,0x44a50000)]
  0x4478f400 JavaThread "pool-2-thread-1" [_thread_blocked, id=6012, stack(0x44b00000,0x44b50000)]
  0x44670800 JavaThread "Service Thread" daemon [_thread_blocked, id=22060, stack(0x01c90000,0x01ce0000)]
  0x44639400 JavaThread "C1 CompilerThread0" daemon [_thread_blocked, id=18484, stack(0x44820000,0x44870000)]
  0x44638400 JavaThread "Attach Listener" daemon [_thread_blocked, id=18436, stack(0x44900000,0x44950000)]
  0x44627400 JavaThread "Signal Dispatcher" daemon [_thread_blocked, id=21972, stack(0x009a0000,0x009f0000)]
  0x44616800 JavaThread "Finalizer" daemon [_thread_blocked, id=6428, stack(0x01ce0000,0x01d30000)]
  0x445f1400 JavaThread "Reference Handler" daemon [_thread_blocked, id=22508, stack(0x00460000,0x004b0000)]
  0x0095c000 JavaThread "main" [_thread_blocked, id=22104, stack(0x01c40000,0x01c90000)]

Other Threads:
=>0x445e9000 VMThread [stack: 0x00780000,0x007d0000] [id=2104]
  0x44640000 WatcherThread [stack: 0x44a90000,0x44ae0000] [id=20328]

VM state:at safepoint (normal execution)

VM Mutex/Monitor currently owned by a thread:  ([mutex/lock_event])
[0x0095a410] Threads_lock - owner thread: 0x445e9000
[0x0095a820] Heap_lock - owner thread: 0x4479f400

Heap:
 def new generation   total 4928K, used 4927K [0x03e00000, 0x04350000, 0x19350000)
  eden space 4416K, 100% used [0x03e00000, 0x04250000, 0x04250000)
  from space 512K,  99% used [0x042d0000, 0x0434fff8, 0x04350000)
  to   space 512K,  99% used [0x04250000, 0x042cfff8, 0x042d0000)
 tenured generation   total 17476K, used 17475K [0x19350000, 0x1a461000, 0x43e00000)
   the space 17476K,  99% used [0x19350000, 0x1a460fb0, 0x1a461000, 0x1a461000)
 Metaspace       used 3425K, capacity 3462K, committed 3520K, reserved 4480K

Card table byte_map: [0x43e00000,0x44010000] byte_map_base: 0x43de1000

Polling page: 0x00140000

CodeCache: size=32768Kb used=2390Kb max_used=2390Kb free=30378Kb
 bounds [0x01dd0000, 0x02028000, 0x03dd0000]
 total_blobs=1121 nmethods=974 adapters=77
 compilation: enabled

Compilation events (10 events):
Event: 2.303 Thread 0x44639400  972             com.android.dx.cf.code.Frame::mergeSubroutineLists (90 bytes)
Event: 2.303 Thread 0x44639400 nmethod 972 0x02024108 code [0x02024250, 0x0202443c]
Event: 2.304 Thread 0x44639400  973             com.android.dx.util.IntList::equals (82 bytes)
Event: 2.304 Thread 0x44639400 nmethod 973 0x02024688 code [0x020247a0, 0x02024960]
Event: 2.304 Thread 0x44639400  974             com.android.dx.cf.code.Frame::adjustLocalsForSubroutines (28 bytes)
Event: 2.304 Thread 0x44639400 nmethod 974 0x02024ac8 code [0x02024bd0, 0x02024cdc]
Event: 2.304 Thread 0x44639400  975             com.android.dx.cf.code.OneLocalsArray::merge (22 bytes)
Event: 2.304 Thread 0x44639400 nmethod 975 0x02024d88 code [0x02024ed0, 0x02025098]
Event: 2.304 Thread 0x44639400  976             com.android.dx.dex.file.ValueEncoder::addContents (75 bytes)
Event: 2.304 Thread 0x44639400 nmethod 976 0x02025248 code [0x02025390, 0x0202559c]

GC Heap History (10 events):
Event: 1.591 GC heap after
Heap after GC invocations=21 (full 1):
 def new generation   total 4928K, used 511K [0x03e00000, 0x04350000, 0x19350000)
  eden space 4416K,   0% used [0x03e00000, 0x03e00000, 0x04250000)
  from space 512K,  99% used [0x042d0000, 0x0434fff8, 0x04350000)
  to   space 512K,   0% used [0x04250000, 0x04250000, 0x042d0000)
 tenured generation   total 17180K, used 14385K [0x19350000, 0x1a417000, 0x43e00000)
   the space 17180K,  83% used [0x19350000, 0x1a15c458, 0x1a15c600, 0x1a417000)
 Metaspace       used 3425K, capacity 3462K, committed 3520K, reserved 4480K
}
Event: 1.622 GC heap before
{Heap before GC invocations=21 (full 1):
 def new generation   total 4928K, used 4927K [0x03e00000, 0x04350000, 0x19350000)
  eden space 4416K, 100% used [0x03e00000, 0x04250000, 0x04250000)
  from space 512K,  99% used [0x042d0000, 0x0434fff8, 0x04350000)
  to   space 512K,   0% used [0x04250000, 0x04250000, 0x042d0000)
 tenured generation   total 17180K, used 14385K [0x19350000, 0x1a417000, 0x43e00000)
   the space 17180K,  83% used [0x19350000, 0x1a15c458, 0x1a15c600, 0x1a417000)
 Metaspace       used 3425K, capacity 3462K, committed 3520K, reserved 4480K
Event: 1.625 GC heap after
Heap after GC invocations=22 (full 1):
 def new generation   total 4928K, used 511K [0x03e00000, 0x04350000, 0x19350000)
  eden space 4416K,   0% used [0x03e00000, 0x03e00000, 0x04250000)
  from space 512K,  99% used [0x04250000, 0x042cfff8, 0x042d0000)
  to   space 512K,   0% used [0x042d0000, 0x042d0000, 0x04350000)
 tenured generation   total 17180K, used 15108K [0x19350000, 0x1a417000, 0x43e00000)
   the space 17180K,  87% used [0x19350000, 0x1a211268, 0x1a211400, 0x1a417000)
 Metaspace       used 3425K, capacity 3462K, committed 3520K, reserved 4480K
}
Event: 1.657 GC heap before
{Heap before GC invocations=22 (full 1):
 def new generation   total 4928K, used 4927K [0x03e00000, 0x04350000, 0x19350000)
  eden space 4416K, 100% used [0x03e00000, 0x04250000, 0x04250000)
  from space 512K,  99% used [0x04250000, 0x042cfff8, 0x042d0000)
  to   space 512K,   0% used [0x042d0000, 0x042d0000, 0x04350000)
 tenured generation   total 17180K, used 15108K [0x19350000, 0x1a417000, 0x43e00000)
   the space 17180K,  87% used [0x19350000, 0x1a211268, 0x1a211400, 0x1a417000)
 Metaspace       used 3425K, capacity 3462K, committed 3520K, reserved 4480K
Event: 1.661 GC heap after
Heap after GC invocations=23 (full 1):
 def new generation   total 4928K, used 512K [0x03e00000, 0x04350000, 0x19350000)
  eden space 4416K,   0% used [0x03e00000, 0x03e00000, 0x04250000)
  from space 512K, 100% used [0x042d0000, 0x04350000, 0x04350000)
  to   space 512K,   0% used [0x04250000, 0x04250000, 0x042d0000)
 tenured generation   total 17180K, used 15602K [0x19350000, 0x1a417000, 0x43e00000)
   the space 17180K,  90% used [0x19350000, 0x1a28c998, 0x1a28ca00, 0x1a417000)
 Metaspace       used 3425K, capacity 3462K, committed 3520K, reserved 4480K
}
Event: 1.730 GC heap before
{Heap before GC invocations=23 (full 1):
 def new generation   total 4928K, used 4928K [0x03e00000, 0x04350000, 0x19350000)
  eden space 4416K, 100% used [0x03e00000, 0x04250000, 0x04250000)
  from space 512K, 100% used [0x042d0000, 0x04350000, 0x04350000)
  to   space 512K,   0% used [0x04250000, 0x04250000, 0x042d0000)
 tenured generation   total 17180K, used 15602K [0x19350000, 0x1a417000, 0x43e00000)
   the space 17180K,  90% used [0x19350000, 0x1a28c998, 0x1a28ca00, 0x1a417000)
 Metaspace       used 3425K, capacity 3462K, committed 3520K, reserved 4480K
Event: 1.735 GC heap after
Heap after GC invocations=24 (full 1):
 def new generation   total 4928K, used 512K [0x03e00000, 0x04350000, 0x19350000)
  eden space 4416K,   0% used [0x03e00000, 0x03e00000, 0x04250000)
  from space 512K, 100% used [0x04250000, 0x042d0000, 0x042d0000)
  to   space 512K,   0% used [0x042d0000, 0x042d0000, 0x04350000)
 tenured generation   total 17180K, used 16357K [0x19350000, 0x1a417000, 0x43e00000)
   the space 17180K,  95% used [0x19350000, 0x1a3496c8, 0x1a349800, 0x1a417000)
 Metaspace       used 3425K, capacity 3462K, committed 3520K, reserved 4480K
}
Event: 1.758 GC heap before
{Heap before GC invocations=24 (full 1):
 def new generation   total 4928K, used 4928K [0x03e00000, 0x04350000, 0x19350000)
  eden space 4416K, 100% used [0x03e00000, 0x04250000, 0x04250000)
  from space 512K, 100% used [0x04250000, 0x042d0000, 0x042d0000)
  to   space 512K,   0% used [0x042d0000, 0x042d0000, 0x04350000)
 tenured generation   total 17180K, used 16357K [0x19350000, 0x1a417000, 0x43e00000)
   the space 17180K,  95% used [0x19350000, 0x1a3496c8, 0x1a349800, 0x1a417000)
 Metaspace       used 3425K, capacity 3462K, committed 3520K, reserved 4480K
Event: 1.761 GC heap after
Heap after GC invocations=25 (full 1):
 def new generation   total 4928K, used 511K [0x03e00000, 0x04350000, 0x19350000)
  eden space 4416K,   0% used [0x03e00000, 0x03e00000, 0x04250000)
  from space 512K,  99% used [0x042d0000, 0x0434fff8, 0x04350000)
  to   space 512K,   0% used [0x04250000, 0x04250000, 0x042d0000)
 tenured generation   total 17180K, used 17028K [0x19350000, 0x1a417000, 0x43e00000)
   the space 17180K,  99% used [0x19350000, 0x1a3f11f0, 0x1a3f1200, 0x1a417000)
 Metaspace       used 3425K, capacity 3462K, committed 3520K, reserved 4480K
}
Event: 2.304 GC heap before
{Heap before GC invocations=25 (full 1):
 def new generation   total 4928K, used 4927K [0x03e00000, 0x04350000, 0x19350000)
  eden space 4416K, 100% used [0x03e00000, 0x04250000, 0x04250000)
  from space 512K,  99% used [0x042d0000, 0x0434fff8, 0x04350000)
  to   space 512K,   0% used [0x04250000, 0x04250000, 0x042d0000)
 tenured generation   total 17180K, used 17028K [0x19350000, 0x1a417000, 0x43e00000)
   the space 17180K,  99% used [0x19350000, 0x1a3f11f0, 0x1a3f1200, 0x1a417000)
 Metaspace       used 3425K, capacity 3462K, committed 3520K, reserved 4480K

Deoptimization events (0 events):
No events

Internal exceptions (2 events):
Event: 0.115 Thread 0x0095c000 Exception <a 'java/lang/NoSuchMethodError': Method sun.misc.Unsafe.defineClass(Ljava/lang/String;[BII)Ljava/lang/Class; name or signature does not match> (0x03e06ea8) thrown at [C:\re\workspace\8-2-build-windows-i586-cygwin\jdk8u91\7017\hotspot\src\share\vK_Š‹:µ½?
Event: 0.116 Thread 0x0095c000 Exception <a 'java/lang/NoSuchMethodError': Method sun.misc.Unsafe.prefetchRead(Ljava/lang/Object;J)V name or signature does not match> (0x03e07178) thrown at [C:\re\workspace\8-2-build-windows-i586-cygwin\jdk8u91\7017\hotspot\src\share\vm\prims\jni.cpp, l

Events (10 events):
Event: 1.591 Executing VM operation: GenCollectForAllocation done
Event: 1.622 Executing VM operation: GenCollectForAllocation
Event: 1.625 Executing VM operation: GenCollectForAllocation done
Event: 1.657 Executing VM operation: GenCollectForAllocation
Event: 1.661 Executing VM operation: GenCollectForAllocation done
Event: 1.730 Executing VM operation: GenCollectForAllocation
Event: 1.735 Executing VM operation: GenCollectForAllocation done
Event: 1.758 Executing VM operation: GenCollectForAllocation
Event: 1.761 Executing VM operation: GenCollectForAllocation done
Event: 2.304 Executing VM operation: GenCollectForAllocation


Dynamic libraries:
0x00a10000 - 0x00a43000 	C:\Program Files\Java\jdk1.8.0_91\bin\java.exe
0x77a10000 - 0x77b52000 	C:\Windows\SYSTEM32\ntdll.dll
0x77b70000 - 0x77c45000 	C:\Windows\system32\kernel32.dll
0x75c20000 - 0x75c6b000 	C:\Windows\system32\KERNELBASE.dll
0x75d20000 - 0x75dc1000 	C:\Windows\system32\ADVAPI32.dll
0x770f0000 - 0x7719c000 	C:\Windows\system32\msvcrt.dll
0x75cc0000 - 0x75cd9000 	C:\Windows\SYSTEM32\sechost.dll
0x77430000 - 0x774d2000 	C:\Windows\system32\RPCRT4.dll
0x76330000 - 0x763f9000 	C:\Windows\system32\USER32.dll
0x771a0000 - 0x771ee000 	C:\Windows\system32\GDI32.dll
0x77b60000 - 0x77b6a000 	C:\Windows\system32\LPK.dll
0x76400000 - 0x7649d000 	C:\Windows\system32\USP10.dll
0x73be0000 - 0x73d7e000 	C:\Windows\WinSxS\x86_microsoft.windows.common-controls_6595b64144ccf1df_6.0.7601.23403_none_2b180b30457f196c\COMCTL32.dll
0x776d0000 - 0x77727000 	C:\Windows\system32\SHLWAPI.dll
0x75f70000 - 0x75f8f000 	C:\Windows\system32\IMM32.DLL
0x76260000 - 0x7632d000 	C:\Windows\system32\MSCTF.dll
0x54bc0000 - 0x54c7d000 	C:\Program Files\Java\jdk1.8.0_91\jre\bin\msvcr100.dll
0x526a0000 - 0x52a6a000 	C:\Program Files\Java\jdk1.8.0_91\jre\bin\client\jvm.dll
0x623d0000 - 0x623d7000 	C:\Windows\system32\WSOCK32.dll
0x75ce0000 - 0x75d15000 	C:\Windows\system32\WS2_32.dll
0x75de0000 - 0x75de6000 	C:\Windows\system32\NSI.dll
0x729c0000 - 0x729f2000 	C:\Windows\system32\WINMM.dll
0x74ee0000 - 0x74ee9000 	C:\Windows\system32\VERSION.dll
0x75dd0000 - 0x75dd5000 	C:\Windows\system32\PSAPI.DLL
0x6fa20000 - 0x6fa2c000 	C:\Program Files\Java\jdk1.8.0_91\jre\bin\verify.dll
0x77cf0000 - 0x77d11000 	C:\Program Files\Java\jdk1.8.0_91\jre\bin\java.dll
0x57b00000 - 0x57b13000 	C:\Program Files\Java\jdk1.8.0_91\jre\bin\zip.dll
0x764a0000 - 0x770ec000 	C:\Windows\system32\SHELL32.dll
0x778b0000 - 0x77a0d000 	C:\Windows\system32\ole32.dll
0x75990000 - 0x7599b000 	C:\Windows\system32\profapi.dll

VM Arguments:
jvm_args: -Djava.awt.headless=true -Xmx1024M -Dfile.encoding=GBK -Duser.country=CN -Duser.language=zh -Duser.variant 
java_command: com.android.dx.command.Main --dex --force-jumbo --num-threads=4 --multi-dex --output D:\xieshi\com.scetia.Pro\build\intermediates\transforms\dex\debug\folders\1000\10\support-v4-19.1.0_ae51cd7271d68d7414781f62c530907cb861ea23 D:\sdk\extras\android\m2repository\com\android\support\support-v4\19.1.0\support-v4-19.1.0.jar
java_class_path (initial): D:\sdk\build-tools\24.0.0\lib\dx.jar
Launcher Type: SUN_STANDARD

Environment Variables:
JAVA_HOME=C:\Program Files\Java\jdk1.8.0_91
CLASSPATH=.;C:\Program Files\Java\jdk1.8.0_91\lib\dt.jar;C:\Program Files\Java\jdk1.8.0_91\lib\tools.jar
PATH=C:\Program Files\Java\jdk1.8.0_91\bin;C:\Program Files\Java\jdk1.8.0_91\jre\bin;D:\sdk\platform-tools;D:\sdk\tools;C:\ProgramData\Oracle\Java\javapath;C:\Program Files\Intel\iCLS Client\;C:\Windows\system32;C:\Windows;C:\Windows\System32\Wbem;C:\Windows\System32\WindowsPowerShell\v1.0\;C:\Program Files\Intel\Intel(R) Management Engine Components\DAL;C:\Program Files\Intel\Intel(R) Management Engine Components\IPT;D:\Ê¥µ®Ê÷\day01\·´±àÒë\apktool_new
USERNAME=User
OS=Windows_NT
PROCESSOR_IDENTIFIER=x86 Family 6 Model 94 Stepping 3, GenuineIntel



---------------  S Y S T E M  ---------------

OS: Windows 7 Build 7601 (6.1.7601.23403)

CPU:total 4 (4 cores per cpu, 1 threads per core) family 6 model 94 stepping 3, cmov, cx8, fxsr, mmx, sse, sse2, sse3, ssse3, sse4.1, sse4.2, popcnt, avx, avx2, aes, clmul, erms, 3dnowpref, lzcnt, tsc, tscinvbit, bmi1, bmi2, adx

Memory: 4k page, physical 2263944k(81044k free), swap 9054060k(1732k free)

vm_info: Java HotSpot(TM) Client VM (25.91-b15) for windows-x86 JRE (1.8.0_91-b15), built on May 20 2016 17:33:18 by "java_re" with MS VC++ 10.0 (VS2010)

time: Tue Jul 26 14:24:37 2016
elapsed time: 2 seconds (0d 0h 0m 2s)

