#
# There is insufficient memory for the Java Runtime Environment to continue.
# Native memory allocation (malloc) failed to allocate 4092 bytes for AllocateHeap
# Possible reasons:
#   The system is out of physical RAM or swap space
#   In 32 bit mode, the process size limit was hit
# Possible solutions:
#   Reduce memory load on the system
#   Increase physical memory or swap space
#   Check if swap backing store is full
#   Use 64 bit Java on a 64 bit OS
#   Decrease Java heap size (-Xmx/-Xms)
#   Decrease number of Java threads
#   Decrease Java thread stack sizes (-Xss)
#   Set larger code cache with -XX:ReservedCodeCacheSize=
# This output file may be truncated or incomplete.
#
#  Out of Memory Error (memory/allocation.inline.hpp:61), pid=2644, tid=13120
#
# JRE version: Java(TM) SE Runtime Environment (8.0_91-b15) (build 1.8.0_91-b15)
# Java VM: Java HotSpot(TM) Client VM (25.91-b15 mixed mode windows-x86 )
# Failed to write core dump. Minidumps are not enabled by default on client versions of Windows
#

---------------  T H R E A D  ---------------

Current thread (0x443e9000):  VMThread [stack: 0x44600000,0x44650000] [id=13120]

Stack: [0x44600000,0x44650000],  sp=0x4464f1cc,  free space=316k
Native frames: (J=compiled Java code, j=interpreted, Vv=VM code, C=native code)
V  [jvm.dll+0x1a885b]
V  [jvm.dll+0x1a1168]
V  [jvm.dll+0x93add]
V  [jvm.dll+0xb9d2f]
V  [jvm.dll+0xbeff5]
V  [jvm.dll+0x1b3e31]
V  [jvm.dll+0x1b402c]
V  [jvm.dll+0x178f93]
V  [jvm.dll+0x177aca]
V  [jvm.dll+0x976d0]
V  [jvm.dll+0x989c1]
V  [jvm.dll+0x9a710]
V  [jvm.dll+0x9ab79]
V  [jvm.dll+0x9996f]
V  [jvm.dll+0xa5c42]
V  [jvm.dll+0x98593]
V  [jvm.dll+0x924c5]
V  [jvm.dll+0x1b7246]
V  [jvm.dll+0x181a5b]
V  [jvm.dll+0x180e71]
V  [jvm.dll+0x181287]
V  [jvm.dll+0x181482]
V  [jvm.dll+0x1c0fd6]
C  [msvcr100.dll+0x10fac]
C  [msvcr100.dll+0x110b1]
C  [kernel32.dll+0x4ef1c]
C  [ntdll.dll+0x63648]
C  [ntdll.dll+0x6361b]

VM_Operation (0x44a5efb8): GenCollectForAllocation, mode: safepoint, requested by thread 0x44547000


---------------  P R O C E S S  ---------------

Java Threads: ( => current thread )
  0x44548400 JavaThread "pool-2-thread-4" [_thread_blocked, id=19300, stack(0x44ae0000,0x44b30000)]
  0x44547c00 JavaThread "pool-2-thread-3" [_thread_blocked, id=16716, stack(0x03af0000,0x03b40000)]
  0x44547000 JavaThread "pool-2-thread-2" [_thread_blocked, id=21144, stack(0x44a10000,0x44a60000)]
  0x44538800 JavaThread "pool-3-thread-1" [_thread_blocked, id=18760, stack(0x44860000,0x448b0000)]
  0x44536000 JavaThread "pool-2-thread-1" [_thread_blocked, id=22428, stack(0x03b90000,0x03be0000)]
  0x44469800 JavaThread "Service Thread" daemon [_thread_blocked, id=21156, stack(0x03b40000,0x03b90000)]
  0x4442fc00 JavaThread "C1 CompilerThread0" daemon [_thread_blocked, id=22440, stack(0x448b0000,0x44900000)]
  0x4442ec00 JavaThread "Attach Listener" daemon [_thread_blocked, id=5772, stack(0x446e0000,0x44730000)]
  0x4442c000 JavaThread "Signal Dispatcher" daemon [_thread_blocked, id=21820, stack(0x447d0000,0x44820000)]
  0x44416400 JavaThread "Finalizer" daemon [_thread_blocked, id=22272, stack(0x44660000,0x446b0000)]
  0x443f1400 JavaThread "Reference Handler" daemon [_thread_blocked, id=4816, stack(0x009c0000,0x00a10000)]
  0x009bc000 JavaThread "main" [_thread_blocked, id=18896, stack(0x008f0000,0x00940000)]

Other Threads:
=>0x443e9000 VMThread [stack: 0x44600000,0x44650000] [id=13120]
  0x444c5000 WatcherThread [stack: 0x44780000,0x447d0000] [id=19392]

VM state:at safepoint (normal execution)

VM Mutex/Monitor currently owned by a thread:  ([mutex/lock_event])
[0x009ba3b0] Threads_lock - owner thread: 0x443e9000
[0x009ba7c0] Heap_lock - owner thread: 0x44547000

Heap:
 def new generation   total 48640K, used 48639K [0x03c00000, 0x070c0000, 0x19150000)
  eden space 43264K, 100% used [0x03c00000, 0x06640000, 0x06640000)
  from space 5376K,  99% used [0x06b80000, 0x070bfff8, 0x070c0000)
  to   space 5376K, 100% used [0x06640000, 0x06b80000, 0x06b80000)
 tenured generation   total 126620K, used 126618K [0x19150000, 0x20cf7000, 0x43c00000)
   the space 126620K,  99% used [0x19150000, 0x20cf69a8, 0x20cf6a00, 0x20cf7000)
 Metaspace       used 3328K, capacity 3462K, committed 3520K, reserved 4480K

Card table byte_map: [0x43c00000,0x43e10000] byte_map_base: 0x43be2000

Polling page: 0x00270000

CodeCache: size=32768Kb used=2229Kb max_used=2229Kb free=30538Kb
 bounds [0x01a70000, 0x01ca0000, 0x03a70000]
 total_blobs=1015 nmethods=870 adapters=76
 compilation: enabled

Compilation events (10 events):
Event: 8.691 Thread 0x4442fc00  878             com.android.dx.rop.type.Type::internClassName (56 bytes)
Event: 8.691 Thread 0x4442fc00 nmethod 878 0x01c9c4c8 code [0x01c9c640, 0x01c9c9c0]
Event: 8.740 Thread 0x4442fc00  879             java.io.InputStream::<init> (5 bytes)
Event: 8.740 Thread 0x4442fc00 nmethod 879 0x01c9cdc8 code [0x01c9cec0, 0x01c9cf50]
Event: 8.771 Thread 0x4442fc00  880             java.util.HashMap$HashIterator::hasNext (13 bytes)
Event: 8.772 Thread 0x4442fc00 nmethod 880 0x01c9cfc8 code [0x01c9d0c0, 0x01c9d150]
Event: 8.774 Thread 0x4442fc00  881             com.android.dx.rop.code.RegisterSpec::withSimpleType (59 bytes)
Event: 8.775 Thread 0x4442fc00 nmethod 881 0x01c9d188 code [0x01c9d2b0, 0x01c9d434]
Event: 8.778 Thread 0x4442fc00  882             java.util.RegularEnumSet::contains (57 bytes)
Event: 8.778 Thread 0x4442fc00 nmethod 882 0x01c9d548 code [0x01c9d650, 0x01c9d7cc]

GC Heap History (10 events):
Event: 8.175 GC heap after
Heap after GC invocations=25 (full 5):
 def new generation   total 48640K, used 5376K [0x03c00000, 0x070c0000, 0x19150000)
  eden space 43264K,   0% used [0x03c00000, 0x03c00000, 0x06640000)
  from space 5376K, 100% used [0x06640000, 0x06b80000, 0x06b80000)
  to   space 5376K,   0% used [0x06b80000, 0x06b80000, 0x070c0000)
 tenured generation   total 107980K, used 91567K [0x19150000, 0x1fac3000, 0x43c00000)
   the space 107980K,  84% used [0x19150000, 0x1eabbe38, 0x1eabc000, 0x1fac3000)
 Metaspace       used 3328K, capacity 3462K, committed 3520K, reserved 4480K
}
Event: 8.235 GC heap before
{Heap before GC invocations=25 (full 5):
 def new generation   total 48640K, used 48640K [0x03c00000, 0x070c0000, 0x19150000)
  eden space 43264K, 100% used [0x03c00000, 0x06640000, 0x06640000)
  from space 5376K, 100% used [0x06640000, 0x06b80000, 0x06b80000)
  to   space 5376K,   0% used [0x06b80000, 0x06b80000, 0x070c0000)
 tenured generation   total 107980K, used 91567K [0x19150000, 0x1fac3000, 0x43c00000)
   the space 107980K,  84% used [0x19150000, 0x1eabbe38, 0x1eabc000, 0x1fac3000)
 Metaspace       used 3328K, capacity 3462K, committed 3520K, reserved 4480K
Event: 8.411 GC heap after
Heap after GC invocations=26 (full 6):
 def new generation   total 48640K, used 0K [0x03c00000, 0x070c0000, 0x19150000)
  eden space 43264K,   0% used [0x03c00000, 0x03c00000, 0x06640000)
  from space 5376K,   0% used [0x06b80000, 0x06b80000, 0x070c0000)
  to   space 5376K,   0% used [0x06640000, 0x06640000, 0x06b80000)
 tenured generation   total 107980K, used 58039K [0x19150000, 0x1fac3000, 0x43c00000)
   the space 107980K,  53% used [0x19150000, 0x1c9fdfa8, 0x1c9fe000, 0x1fac3000)
 Metaspace       used 3328K, capacity 3462K, committed 3520K, reserved 4480K
}
Event: 8.523 GC heap before
{Heap before GC invocations=26 (full 6):
 def new generation   total 48640K, used 43264K [0x03c00000, 0x070c0000, 0x19150000)
  eden space 43264K, 100% used [0x03c00000, 0x06640000, 0x06640000)
  from space 5376K,   0% used [0x06b80000, 0x06b80000, 0x070c0000)
  to   space 5376K,   0% used [0x06640000, 0x06640000, 0x06b80000)
 tenured generation   total 107980K, used 58039K [0x19150000, 0x1fac3000, 0x43c00000)
   the space 107980K,  53% used [0x19150000, 0x1c9fdfa8, 0x1c9fe000, 0x1fac3000)
 Metaspace       used 3328K, capacity 3462K, committed 3520K, reserved 4480K
Event: 8.548 GC heap after
Heap after GC invocations=27 (full 6):
 def new generation   total 48640K, used 5376K [0x03c00000, 0x070c0000, 0x19150000)
  eden space 43264K,   0% used [0x03c00000, 0x03c00000, 0x06640000)
  from space 5376K, 100% used [0x06640000, 0x06b80000, 0x06b80000)
  to   space 5376K,   0% used [0x06b80000, 0x06b80000, 0x070c0000)
 tenured generation   total 107980K, used 67331K [0x19150000, 0x1fac3000, 0x43c00000)
   the space 107980K,  62% used [0x19150000, 0x1d310d50, 0x1d310e00, 0x1fac3000)
 Metaspace       used 3328K, capacity 3462K, committed 3520K, reserved 4480K
}
Event: 8.610 GC heap before
{Heap before GC invocations=27 (full 6):
 def new generation   total 48640K, used 48640K [0x03c00000, 0x070c0000, 0x19150000)
  eden space 43264K, 100% used [0x03c00000, 0x06640000, 0x06640000)
  from space 5376K, 100% used [0x06640000, 0x06b80000, 0x06b80000)
  to   space 5376K,   0% used [0x06b80000, 0x06b80000, 0x070c0000)
 tenured generation   total 107980K, used 67331K [0x19150000, 0x1fac3000, 0x43c00000)
   the space 107980K,  62% used [0x19150000, 0x1d310d50, 0x1d310e00, 0x1fac3000)
 Metaspace       used 3328K, capacity 3462K, committed 3520K, reserved 4480K
Event: 8.639 GC heap after
Heap after GC invocations=28 (full 6):
 def new generation   total 48640K, used 5376K [0x03c00000, 0x070c0000, 0x19150000)
  eden space 43264K,   0% used [0x03c00000, 0x03c00000, 0x06640000)
  from space 5376K, 100% used [0x06b80000, 0x070c0000, 0x070c0000)
  to   space 5376K,   0% used [0x06640000, 0x06640000, 0x06b80000)
 tenured generation   total 107980K, used 85458K [0x19150000, 0x1fac3000, 0x43c00000)
   the space 107980K,  79% used [0x19150000, 0x1e4c49f0, 0x1e4c4a00, 0x1fac3000)
 Metaspace       used 3328K, capacity 3462K, committed 3520K, reserved 4480K
}
Event: 8.701 GC heap before
{Heap before GC invocations=28 (full 6):
 def new generation   total 48640K, used 48640K [0x03c00000, 0x070c0000, 0x19150000)
  eden space 43264K, 100% used [0x03c00000, 0x06640000, 0x06640000)
  from space 5376K, 100% used [0x06b80000, 0x070c0000, 0x070c0000)
  to   space 5376K,   0% used [0x06640000, 0x06640000, 0x06b80000)
 tenured generation   total 107980K, used 85458K [0x19150000, 0x1fac3000, 0x43c00000)
   the space 107980K,  79% used [0x19150000, 0x1e4c49f0, 0x1e4c4a00, 0x1fac3000)
 Metaspace       used 3328K, capacity 3462K, committed 3520K, reserved 4480K
Event: 8.739 GC heap after
Heap after GC invocations=29 (full 6):
 def new generation   total 48640K, used 5376K [0x03c00000, 0x070c0000, 0x19150000)
  eden space 43264K,   0% used [0x03c00000, 0x03c00000, 0x06640000)
  from space 5376K, 100% used [0x06640000, 0x06b80000, 0x06b80000)
  to   space 5376K,   0% used [0x06b80000, 0x06b80000, 0x070c0000)
 tenured generation   total 107980K, used 106360K [0x19150000, 0x1fac3000, 0x43c00000)
   the space 107980K,  98% used [0x19150000, 0x1f92e130, 0x1f92e200, 0x1fac3000)
 Metaspace       used 3328K, capacity 3462K, committed 3520K, reserved 4480K
}
Event: 8.815 GC heap before
{Heap before GC invocations=29 (full 6):
 def new generation   total 48640K, used 48640K [0x03c00000, 0x070c0000, 0x19150000)
  eden space 43264K, 100% used [0x03c00000, 0x06640000, 0x06640000)
  from space 5376K, 100% used [0x06640000, 0x06b80000, 0x06b80000)
  to   space 5376K,   0% used [0x06b80000, 0x06b80000, 0x070c0000)
 tenured generation   total 107980K, used 106360K [0x19150000, 0x1fac3000, 0x43c00000)
   the space 107980K,  98% used [0x19150000, 0x1f92e130, 0x1f92e200, 0x1fac3000)
 Metaspace       used 3328K, capacity 3462K, committed 3520K, reserved 4480K

Deoptimization events (0 events):
No events

Internal exceptions (2 events):
Event: 0.041 Thread 0x009bc000 Exception <a 'java/lang/NoSuchMethodError': Method sun.misc.Unsafe.defineClass(Ljava/lang/String;[BII)Ljava/lang/Class; name or signature does not match> (0x03c06ea8) thrown at [C:\re\workspace\8-2-build-windows-i586-cygwin\jdk8u91\7017\hotspot\src\share\v+’dîËæ¤?
Event: 0.041 Thread 0x009bc000 Exception <a 'java/lang/NoSuchMethodError': Method sun.misc.Unsafe.prefetchRead(Ljava/lang/Object;J)V name or signature does not match> (0x03c07178) thrown at [C:\re\workspace\8-2-build-windows-i586-cygwin\jdk8u91\7017\hotspot\src\share\vm\prims\jni.cpp, l

Events (10 events):
Event: 8.411 Executing VM operation: GenCollectForAllocation done
Event: 8.501 Executing VM operation: GenCollectForAllocation
Event: 8.549 Executing VM operation: GenCollectForAllocation done
Event: 8.608 Executing VM operation: GenCollectForAllocation
Event: 8.639 Executing VM operation: GenCollectForAllocation done
Event: 8.699 Executing VM operation: GenCollectForAllocation
Event: 8.739 Executing VM operation: GenCollectForAllocation done
Event: 8.739 Executing VM operation: RevokeBias
Event: 8.739 Executing VM operation: RevokeBias done
Event: 8.811 Executing VM operation: GenCollectForAllocation


Dynamic libraries:
0x00a10000 - 0x00a43000 	C:\Program Files\Java\jdk1.8.0_91\bin\java.exe
0x77a10000 - 0x77b52000 	C:\Windows\SYSTEM32\ntdll.dll
0x77b70000 - 0x77c45000 	C:\Windows\system32\kernel32.dll
0x75c20000 - 0x75c6b000 	C:\Windows\system32\KERNELBASE.dll
0x75d20000 - 0x75dc1000 	C:\Windows\system32\ADVAPI32.dll
0x770f0000 - 0x7719c000 	C:\Windows\system32\msvcrt.dll
0x75cc0000 - 0x75cd9000 	C:\Windows\SYSTEM32\sechost.dll
0x77430000 - 0x774d2000 	C:\Windows\system32\RPCRT4.dll
0x76330000 - 0x763f9000 	C:\Windows\system32\USER32.dll
0x771a0000 - 0x771ee000 	C:\Windows\system32\GDI32.dll
0x77b60000 - 0x77b6a000 	C:\Windows\system32\LPK.dll
0x76400000 - 0x7649d000 	C:\Windows\system32\USP10.dll
0x73be0000 - 0x73d7e000 	C:\Windows\WinSxS\x86_microsoft.windows.common-controls_6595b64144ccf1df_6.0.7601.23403_none_2b180b30457f196c\COMCTL32.dll
0x776d0000 - 0x77727000 	C:\Windows\system32\SHLWAPI.dll
0x75f70000 - 0x75f8f000 	C:\Windows\system32\IMM32.DLL
0x76260000 - 0x7632d000 	C:\Windows\system32\MSCTF.dll
0x54bc0000 - 0x54c7d000 	C:\Program Files\Java\jdk1.8.0_91\jre\bin\msvcr100.dll
0x526a0000 - 0x52a6a000 	C:\Program Files\Java\jdk1.8.0_91\jre\bin\client\jvm.dll
0x623d0000 - 0x623d7000 	C:\Windows\system32\WSOCK32.dll
0x75ce0000 - 0x75d15000 	C:\Windows\system32\WS2_32.dll
0x75de0000 - 0x75de6000 	C:\Windows\system32\NSI.dll
0x729c0000 - 0x729f2000 	C:\Windows\system32\WINMM.dll
0x74ee0000 - 0x74ee9000 	C:\Windows\system32\VERSION.dll
0x75dd0000 - 0x75dd5000 	C:\Windows\system32\PSAPI.DLL
0x6fa20000 - 0x6fa2c000 	C:\Program Files\Java\jdk1.8.0_91\jre\bin\verify.dll
0x77cf0000 - 0x77d11000 	C:\Program Files\Java\jdk1.8.0_91\jre\bin\java.dll
0x57b00000 - 0x57b13000 	C:\Program Files\Java\jdk1.8.0_91\jre\bin\zip.dll
0x764a0000 - 0x770ec000 	C:\Windows\system32\SHELL32.dll
0x778b0000 - 0x77a0d000 	C:\Windows\system32\ole32.dll
0x75990000 - 0x7599b000 	C:\Windows\system32\profapi.dll

VM Arguments:
jvm_args: -Djava.awt.headless=true -Xmx1024M -Dfile.encoding=GBK -Duser.country=CN -Duser.language=zh -Duser.variant 
java_command: com.android.dx.command.Main --dex --force-jumbo --num-threads=4 --multi-dex --output D:\xieshi\com.scetia.Pro\build\intermediates\transforms\dex\debug\folders\1000\5\slice_9 D:\xieshi\com.scetia.Pro\build\intermediates\transforms\instantRunSlicer\debug\folders\1\5\slice_9
java_class_path (initial): D:\sdk\build-tools\24.0.0\lib\dx.jar
Launcher Type: SUN_STANDARD

Environment Variables:
JAVA_HOME=C:\Program Files\Java\jdk1.8.0_91
CLASSPATH=.;C:\Program Files\Java\jdk1.8.0_91\lib\dt.jar;C:\Program Files\Java\jdk1.8.0_91\lib\tools.jar
PATH=C:\Program Files\Java\jdk1.8.0_91\bin;C:\Program Files\Java\jdk1.8.0_91\jre\bin;D:\sdk\platform-tools;D:\sdk\tools;C:\ProgramData\Oracle\Java\javapath;C:\Program Files\Intel\iCLS Client\;C:\Windows\system32;C:\Windows;C:\Windows\System32\Wbem;C:\Windows\System32\WindowsPowerShell\v1.0\;C:\Program Files\Intel\Intel(R) Management Engine Components\DAL;C:\Program Files\Intel\Intel(R) Management Engine Components\IPT;D:\Ê¥µ®Ê÷\day01\·´±àÒë\apktool_new
USERNAME=User
OS=Windows_NT
PROCESSOR_IDENTIFIER=x86 Family 6 Model 94 Stepping 3, GenuineIntel



---------------  S Y S T E M  ---------------

OS: Windows 7 Build 7601 (6.1.7601.23403)

CPU:total 4 (4 cores per cpu, 1 threads per core) family 6 model 94 stepping 3, cmov, cx8, fxsr, mmx, sse, sse2, sse3, ssse3, sse4.1, sse4.2, popcnt, avx, avx2, aes, clmul, erms, 3dnowpref, lzcnt, tsc, tscinvbit, bmi1, bmi2, adx

Memory: 4k page, physical 2263944k(13684k free), swap 9054060k(3628k free)

vm_info: Java HotSpot(TM) Client VM (25.91-b15) for windows-x86 JRE (1.8.0_91-b15), built on May 20 2016 17:33:18 by "java_re" with MS VC++ 10.0 (VS2010)

time: Tue Jul 26 14:29:22 2016
elapsed time: 10 seconds (0d 0h 0m 10s)

